{"/Users/dannypule/git/projects-1/node-postgres-project-starter/src/components/company_addresses/company_addresses_controller.js": {"path":"/Users/dannypule/git/projects-1/node-postgres-project-starter/src/components/company_addresses/company_addresses_controller.js","statementMap":{"0":{"start":{"line":5,"column":4},"end":{"line":5,"column":23}},"1":{"start":{"line":6,"column":4},"end":{"line":6,"column":23}},"2":{"start":{"line":10,"column":4},"end":{"line":50,"column":5}},"3":{"start":{"line":11,"column":20},"end":{"line":11,"column":22}},"4":{"start":{"line":13,"column":32},"end":{"line":13,"column":41}},"5":{"start":{"line":15,"column":19},"end":{"line":15,"column":52}},"6":{"start":{"line":17,"column":21},"end":{"line":17,"column":39}},"7":{"start":{"line":20,"column":22},"end":{"line":25,"column":7}},"8":{"start":{"line":28,"column":6},"end":{"line":33,"column":7}},"9":{"start":{"line":29,"column":8},"end":{"line":32,"column":10}},"10":{"start":{"line":36,"column":6},"end":{"line":41,"column":7}},"11":{"start":{"line":37,"column":8},"end":{"line":40,"column":10}},"12":{"start":{"line":43,"column":19},"end":{"line":43,"column":60}},"13":{"start":{"line":45,"column":20},"end":{"line":45,"column":49}},"14":{"start":{"line":46,"column":24},"end":{"line":46,"column":51}},"15":{"start":{"line":47,"column":6},"end":{"line":47,"column":95}},"16":{"start":{"line":49,"column":6},"end":{"line":49,"column":35}},"17":{"start":{"line":54,"column":22},"end":{"line":54,"column":43}},"18":{"start":{"line":56,"column":4},"end":{"line":61,"column":5}},"19":{"start":{"line":57,"column":29},"end":{"line":57,"column":63}},"20":{"start":{"line":58,"column":6},"end":{"line":58,"column":80}},"21":{"start":{"line":60,"column":6},"end":{"line":60,"column":32}},"22":{"start":{"line":65,"column":27},"end":{"line":65,"column":35}},"23":{"start":{"line":67,"column":4},"end":{"line":81,"column":5}},"24":{"start":{"line":68,"column":6},"end":{"line":72,"column":9}},"25":{"start":{"line":73,"column":30},"end":{"line":77,"column":8}},"26":{"start":{"line":78,"column":6},"end":{"line":78,"column":81}},"27":{"start":{"line":80,"column":6},"end":{"line":80,"column":69}},"28":{"start":{"line":85,"column":4},"end":{"line":100,"column":5}},"29":{"start":{"line":86,"column":21},"end":{"line":90,"column":8}},"30":{"start":{"line":91,"column":6},"end":{"line":97,"column":7}},"31":{"start":{"line":92,"column":8},"end":{"line":94,"column":11}},"32":{"start":{"line":96,"column":8},"end":{"line":96,"column":71}},"33":{"start":{"line":99,"column":6},"end":{"line":99,"column":32}}},"fnMap":{"0":{"name":"(anonymous_0)","decl":{"start":{"line":4,"column":2},"end":{"line":4,"column":3}},"loc":{"start":{"line":4,"column":28},"end":{"line":7,"column":3}},"line":4},"1":{"name":"(anonymous_1)","decl":{"start":{"line":9,"column":24},"end":{"line":9,"column":25}},"loc":{"start":{"line":9,"column":44},"end":{"line":51,"column":3}},"line":9},"2":{"name":"(anonymous_2)","decl":{"start":{"line":53,"column":22},"end":{"line":53,"column":23}},"loc":{"start":{"line":53,"column":42},"end":{"line":62,"column":3}},"line":53},"3":{"name":"(anonymous_3)","decl":{"start":{"line":64,"column":25},"end":{"line":64,"column":26}},"loc":{"start":{"line":64,"column":45},"end":{"line":82,"column":3}},"line":64},"4":{"name":"(anonymous_4)","decl":{"start":{"line":84,"column":25},"end":{"line":84,"column":26}},"loc":{"start":{"line":84,"column":45},"end":{"line":101,"column":3}},"line":84}},"branchMap":{"0":{"loc":{"start":{"line":15,"column":19},"end":{"line":15,"column":52}},"type":"binary-expr","locations":[{"start":{"line":15,"column":19},"end":{"line":15,"column":47}},{"start":{"line":15,"column":51},"end":{"line":15,"column":52}}],"line":15},"1":{"loc":{"start":{"line":28,"column":6},"end":{"line":33,"column":7}},"type":"if","locations":[{"start":{"line":28,"column":6},"end":{"line":33,"column":7}},{"start":{"line":28,"column":6},"end":{"line":33,"column":7}}],"line":28},"2":{"loc":{"start":{"line":36,"column":6},"end":{"line":41,"column":7}},"type":"if","locations":[{"start":{"line":36,"column":6},"end":{"line":41,"column":7}},{"start":{"line":36,"column":6},"end":{"line":41,"column":7}}],"line":36},"3":{"loc":{"start":{"line":91,"column":6},"end":{"line":97,"column":7}},"type":"if","locations":[{"start":{"line":91,"column":6},"end":{"line":97,"column":7}},{"start":{"line":91,"column":6},"end":{"line":97,"column":7}}],"line":91}},"s":{"0":1,"1":1,"2":2,"3":2,"4":2,"5":2,"6":2,"7":2,"8":2,"9":2,"10":2,"11":2,"12":2,"13":2,"14":2,"15":2,"16":0,"17":0,"18":0,"19":0,"20":0,"21":0,"22":0,"23":0,"24":0,"25":0,"26":0,"27":0,"28":0,"29":0,"30":0,"31":0,"32":0,"33":0},"f":{"0":1,"1":2,"2":0,"3":0,"4":0},"b":{"0":[2,2],"1":[2,0],"2":[2,0],"3":[0,0]},"_coverageSchema":"332fd63041d2c1bcb487cc26dd0d5f7d97098a6c","hash":"7496212ea0ef3a46e8ec682e121e2b6e936af1e0"}
,"/Users/dannypule/git/projects-1/node-postgres-project-starter/src/components/company_addresses/company_addresses_service.js": {"path":"/Users/dannypule/git/projects-1/node-postgres-project-starter/src/components/company_addresses/company_addresses_service.js","statementMap":{"0":{"start":{"line":1,"column":28},"end":{"line":17,"column":1}},"1":{"start":{"line":2,"column":2},"end":{"line":16,"column":4}},"2":{"start":{"line":19,"column":27},"end":{"line":32,"column":1}},"3":{"start":{"line":20,"column":2},"end":{"line":31,"column":4}}},"fnMap":{"0":{"name":"(anonymous_0)","decl":{"start":{"line":1,"column":28},"end":{"line":1,"column":29}},"loc":{"start":{"line":1,"column":36},"end":{"line":17,"column":1}},"line":1},"1":{"name":"(anonymous_1)","decl":{"start":{"line":19,"column":27},"end":{"line":19,"column":28}},"loc":{"start":{"line":19,"column":35},"end":{"line":32,"column":1}},"line":19}},"branchMap":{},"s":{"0":1,"1":2,"2":1,"3":0},"f":{"0":2,"1":0},"b":{},"_coverageSchema":"332fd63041d2c1bcb487cc26dd0d5f7d97098a6c","hash":"422595d581494fdc9ac63d87e92133e400213aa7"}
}
