TN:
SF:/Users/dannypule/git/projects-1/node-postgres-project-starter/src/components/company_addresses/company_addresses_controller.js
FN:4,(anonymous_0)
FN:9,(anonymous_1)
FN:53,(anonymous_2)
FN:64,(anonymous_3)
FN:84,(anonymous_4)
FNF:5
FNH:2
FNDA:1,(anonymous_0)
FNDA:2,(anonymous_1)
FNDA:0,(anonymous_2)
FNDA:0,(anonymous_3)
FNDA:0,(anonymous_4)
DA:5,1
DA:6,1
DA:10,2
DA:11,2
DA:13,2
DA:15,2
DA:17,2
DA:20,2
DA:28,2
DA:29,2
DA:36,2
DA:37,2
DA:43,2
DA:45,2
DA:46,2
DA:47,2
DA:49,0
DA:54,0
DA:56,0
DA:57,0
DA:58,0
DA:60,0
DA:65,0
DA:67,0
DA:68,0
DA:73,0
DA:78,0
DA:80,0
DA:85,0
DA:86,0
DA:91,0
DA:92,0
DA:96,0
DA:99,0
LF:34
LH:16
BRDA:15,0,0,2
BRDA:15,0,1,2
BRDA:28,1,0,2
BRDA:28,1,1,0
BRDA:36,2,0,2
BRDA:36,2,1,0
BRDA:91,3,0,0
BRDA:91,3,1,0
BRF:8
BRH:4
end_of_record
TN:
SF:/Users/dannypule/git/projects-1/node-postgres-project-starter/src/components/company_addresses/company_addresses_service.js
FN:1,(anonymous_0)
FN:19,(anonymous_1)
FNF:2
FNH:1
FNDA:2,(anonymous_0)
FNDA:0,(anonymous_1)
DA:1,1
DA:2,2
DA:19,1
DA:20,0
LF:4
LH:3
BRF:0
BRH:0
end_of_record
